#
# There is insufficient memory for the Java Runtime Environment to continue.
# Native memory allocation (malloc) failed to allocate 1798560 bytes. Error detail: Chunk::new
# Possible reasons:
#   The system is out of physical RAM or swap space
#   This process is running with CompressedOops enabled, and the Java Heap may be blocking the growth of the native heap
# Possible solutions:
#   Reduce memory load on the system
#   Increase physical memory or swap space
#   Check if swap backing store is full
#   Decrease Java heap size (-Xmx/-Xms)
#   Decrease number of Java threads
#   Decrease Java thread stack sizes (-Xss)
#   Set larger code cache with -XX:ReservedCodeCacheSize=
#   JVM is running with Unscaled Compressed Oops mode in which the Java heap is
#     placed in the first 4GB address space. The Java Heap base address is the
#     maximum limit for the native heap growth. Please use -XX:HeapBaseMinAddress
#     to set the Java Heap base and to place the Java Heap above 4GB virtual address.
# This output file may be truncated or incomplete.
#
#  Out of Memory Error (arena.cpp:168), pid=24256, tid=13672
#
# JRE version: OpenJDK Runtime Environment (21.0.6) (build 21.0.6+-13368085-b895.109)
# Java VM: OpenJDK 64-Bit Server VM (21.0.6+-13368085-b895.109, mixed mode, tiered, compressed oops, compressed class ptrs, g1 gc, windows-amd64)
# No core dump will be written. Minidumps are not enabled by default on client versions of Windows
#

---------------  S U M M A R Y ------------

Command Line: --add-opens=java.base/java.lang=ALL-UNNAMED --add-opens=java.base/java.lang.invoke=ALL-UNNAMED --add-opens=java.base/java.util=ALL-UNNAMED --add-opens=java.prefs/java.util.prefs=ALL-UNNAMED --add-exports=jdk.compiler/com.sun.tools.javac.api=ALL-UNNAMED --add-exports=jdk.compiler/com.sun.tools.javac.util=ALL-UNNAMED --add-opens=java.base/java.util=ALL-UNNAMED --add-opens=java.prefs/java.util.prefs=ALL-UNNAMED --add-opens=java.base/java.nio.charset=ALL-UNNAMED --add-opens=java.base/java.net=ALL-UNNAMED --add-opens=java.base/java.util.concurrent.atomic=ALL-UNNAMED --add-opens=java.xml/javax.xml.namespace=ALL-UNNAMED -Xmx2048m -Dfile.encoding=UTF-8 -Duser.country=US -Duser.language=en -Duser.variant -javaagent:D:\Android\.gradle\wrapper\dists\gradle-8.11.1-bin\bpt9gzteqjrbo1mjrsomdt32c\gradle-8.11.1\lib\agents\gradle-instrumentation-agent-8.11.1.jar org.gradle.launcher.daemon.bootstrap.GradleDaemon 8.11.1

Host: AMD Ryzen 5 5500U with Radeon Graphics         , 12 cores, 15G,  Windows 11 , 64 bit Build 26100 (10.0.26100.4202)
Time: Tue Jun 24 01:22:53 2025 Malay Peninsula Standard Time elapsed time: 10.137917 seconds (0d 0h 0m 10s)

---------------  T H R E A D  ---------------

Current thread (0x000002225b259460):  JavaThread "C2 CompilerThread0" daemon [_thread_in_native, id=13672, stack(0x000000b6cdf00000,0x000000b6ce000000) (1024K)]


Current CompileTask:
C2:10137 4713       4       java.lang.invoke.InvokerBytecodeGenerator::addMethod (725 bytes)

Stack: [0x000000b6cdf00000,0x000000b6ce000000]
Native frames: (J=compiled Java code, j=interpreted, Vv=VM code, C=native code)
V  [jvm.dll+0x6d0639]
V  [jvm.dll+0x85eb03]
V  [jvm.dll+0x86105e]
V  [jvm.dll+0x861743]
V  [jvm.dll+0x27e6e6]
V  [jvm.dll+0xbff6d]
V  [jvm.dll+0xc04a3]
V  [jvm.dll+0x3b61ab]
V  [jvm.dll+0x3820c7]
V  [jvm.dll+0x38153a]
V  [jvm.dll+0x247c82]
V  [jvm.dll+0x247251]
V  [jvm.dll+0x1c5f04]
V  [jvm.dll+0x2569ac]
V  [jvm.dll+0x254ef6]
V  [jvm.dll+0x3f0e96]
V  [jvm.dll+0x806ed8]
V  [jvm.dll+0x6cef0d]
C  [ucrtbase.dll+0x37b0]
C  [KERNEL32.DLL+0x2e8d7]
C  [ntdll.dll+0x3c34c]


---------------  P R O C E S S  ---------------

Threads class SMR info:
_java_thread_list=0x0000022263e15d60, length=34, elements={
0x0000022243614970, 0x000002225b26ad80, 0x000002225b26f3d0, 0x000002225b24d4a0,
0x000002225b24def0, 0x000002225b24f4b0, 0x000002225b280f80, 0x000002225b259460,
0x000002225b25a020, 0x000002225b0e5740, 0x000002225b6a38c0, 0x000002226150f830,
0x000002226163fbf0, 0x0000022261418760, 0x00000222614d84f0, 0x00000222614d8b50,
0x000002226146b630, 0x0000022261491650, 0x000002226146ea50, 0x0000022261319370,
0x000002226131adb0, 0x000002226131b440, 0x000002226131a720, 0x000002226131bad0,
0x0000022261319a00, 0x000002226348e4d0, 0x00000222641bdfc0, 0x00000222641bd2a0,
0x00000222641bd930, 0x00000222641bf370, 0x00000222641bcc10, 0x00000222641c0db0,
0x00000222641bfa00, 0x0000022262989de0
}

Java Threads: ( => current thread )
  0x0000022243614970 JavaThread "main"                              [_thread_blocked, id=6460, stack(0x000000b6cd100000,0x000000b6cd200000) (1024K)]
  0x000002225b26ad80 JavaThread "Reference Handler"          daemon [_thread_blocked, id=26968, stack(0x000000b6cd900000,0x000000b6cda00000) (1024K)]
  0x000002225b26f3d0 JavaThread "Finalizer"                  daemon [_thread_blocked, id=6096, stack(0x000000b6cda00000,0x000000b6cdb00000) (1024K)]
  0x000002225b24d4a0 JavaThread "Signal Dispatcher"          daemon [_thread_blocked, id=27344, stack(0x000000b6cdb00000,0x000000b6cdc00000) (1024K)]
  0x000002225b24def0 JavaThread "Attach Listener"            daemon [_thread_blocked, id=31604, stack(0x000000b6cdc00000,0x000000b6cdd00000) (1024K)]
  0x000002225b24f4b0 JavaThread "Service Thread"             daemon [_thread_blocked, id=30728, stack(0x000000b6cdd00000,0x000000b6cde00000) (1024K)]
  0x000002225b280f80 JavaThread "Monitor Deflation Thread"   daemon [_thread_blocked, id=21680, stack(0x000000b6cde00000,0x000000b6cdf00000) (1024K)]
=>0x000002225b259460 JavaThread "C2 CompilerThread0"         daemon [_thread_in_native, id=13672, stack(0x000000b6cdf00000,0x000000b6ce000000) (1024K)]
  0x000002225b25a020 JavaThread "C1 CompilerThread0"         daemon [_thread_blocked, id=11164, stack(0x000000b6ce000000,0x000000b6ce100000) (1024K)]
  0x000002225b0e5740 JavaThread "Common-Cleaner"             daemon [_thread_blocked, id=1684, stack(0x000000b6ce100000,0x000000b6ce200000) (1024K)]
  0x000002225b6a38c0 JavaThread "Notification Thread"        daemon [_thread_blocked, id=23252, stack(0x000000b6ce200000,0x000000b6ce300000) (1024K)]
  0x000002226150f830 JavaThread "Daemon health stats"               [_thread_blocked, id=13968, stack(0x000000b6cea00000,0x000000b6ceb00000) (1024K)]
  0x000002226163fbf0 JavaThread "Incoming local TCP Connector on port 60419"        [_thread_in_native, id=26628, stack(0x000000b6ceb00000,0x000000b6cec00000) (1024K)]
  0x0000022261418760 JavaThread "Daemon periodic checks"            [_thread_blocked, id=31380, stack(0x000000b6ce300000,0x000000b6ce400000) (1024K)]
  0x00000222614d84f0 JavaThread "Daemon"                            [_thread_blocked, id=24808, stack(0x000000b6ce400000,0x000000b6ce500000) (1024K)]
  0x00000222614d8b50 JavaThread "Handler for socket connection from /127.0.0.1:60419 to /127.0.0.1:60420"        [_thread_in_native, id=25008, stack(0x000000b6cec00000,0x000000b6ced00000) (1024K)]
  0x000002226146b630 JavaThread "Cancel handler"                    [_thread_blocked, id=16076, stack(0x000000b6ced00000,0x000000b6cee00000) (1024K)]
  0x0000022261491650 JavaThread "Daemon worker"                     [_thread_in_vm, id=21592, stack(0x000000b6cee00000,0x000000b6cef00000) (1024K)]
  0x000002226146ea50 JavaThread "Asynchronous log dispatcher for DefaultDaemonConnection: socket connection from /127.0.0.1:60419 to /127.0.0.1:60420"        [_thread_blocked, id=24112, stack(0x000000b6cef00000,0x000000b6cf000000) (1024K)]
  0x0000022261319370 JavaThread "Stdin handler"                     [_thread_blocked, id=15276, stack(0x000000b6cf000000,0x000000b6cf100000) (1024K)]
  0x000002226131adb0 JavaThread "Daemon client event forwarder"        [_thread_blocked, id=30644, stack(0x000000b6cf100000,0x000000b6cf200000) (1024K)]
  0x000002226131b440 JavaThread "Cache worker for journal cache (D:\Android\.gradle\caches\journal-1)"        [_thread_blocked, id=30308, stack(0x000000b6cf800000,0x000000b6cf900000) (1024K)]
  0x000002226131a720 JavaThread "File lock request listener"        [_thread_in_native, id=1280, stack(0x000000b6cf900000,0x000000b6cfa00000) (1024K)]
  0x000002226131bad0 JavaThread "Cache worker for file hash cache (D:\Android\.gradle\caches\8.11.1\fileHashes)"        [_thread_blocked, id=28752, stack(0x000000b6cfa00000,0x000000b6cfb00000) (1024K)]
  0x0000022261319a00 JavaThread "Cache worker for file content cache (D:\Android\.gradle\caches\8.11.1\fileContent)"        [_thread_blocked, id=28592, stack(0x000000b6cfc00000,0x000000b6cfd00000) (1024K)]
  0x000002226348e4d0 JavaThread "C2 CompilerThread1"         daemon [_thread_in_native, id=10696, stack(0x000000b6cfb00000,0x000000b6cfc00000) (1024K)]
  0x00000222641bdfc0 JavaThread "Cache worker for file hash cache (D:\Fauzan\Code Project\StudentPerformanceMLMobile\IntellectusWert\.gradle\8.11.1\fileHashes)"        [_thread_blocked, id=28232, stack(0x000000b6cfe00000,0x000000b6cff00000) (1024K)]
  0x00000222641bd2a0 JavaThread "Cache worker for Build Output Cleanup Cache (D:\Fauzan\Code Project\StudentPerformanceMLMobile\IntellectusWert\.gradle\buildOutputCleanup)"        [_thread_blocked, id=26996, stack(0x000000b6cff00000,0x000000b6d0000000) (1024K)]
  0x00000222641bd930 JavaThread "File watcher server"        daemon [_thread_in_native, id=5736, stack(0x000000b6d0000000,0x000000b6d0100000) (1024K)]
  0x00000222641bf370 JavaThread "File watcher consumer"      daemon [_thread_blocked, id=3232, stack(0x000000b6d0100000,0x000000b6d0200000) (1024K)]
  0x00000222641bcc10 JavaThread "Cache worker for checksums cache (D:\Fauzan\Code Project\StudentPerformanceMLMobile\IntellectusWert\.gradle\8.11.1\checksums)"        [_thread_blocked, id=21464, stack(0x000000b6cfd00000,0x000000b6cfe00000) (1024K)]
  0x00000222641c0db0 JavaThread "Cache worker for cache directory md-rule (D:\Android\.gradle\caches\8.11.1\md-rule)"        [_thread_blocked, id=12880, stack(0x000000b6d0200000,0x000000b6d0300000) (1024K)]
  0x00000222641bfa00 JavaThread "Cache worker for cache directory md-supplier (D:\Android\.gradle\caches\8.11.1\md-supplier)"        [_thread_blocked, id=20396, stack(0x000000b6d0300000,0x000000b6d0400000) (1024K)]
  0x0000022262989de0 JavaThread "C2 CompilerThread2"         daemon [_thread_in_native, id=26356, stack(0x000000b6d0400000,0x000000b6d0500000) (1024K)]
Total: 34

Other Threads:
  0x000002225b144440 VMThread "VM Thread"                           [id=20812, stack(0x000000b6cd800000,0x000000b6cd900000) (1024K)]
  0x000002225b1e09d0 WatcherThread "VM Periodic Task Thread"        [id=7876, stack(0x000000b6cd700000,0x000000b6cd800000) (1024K)]
  0x000002224366e1b0 WorkerThread "GC Thread#0"                     [id=24332, stack(0x000000b6cd200000,0x000000b6cd300000) (1024K)]
  0x000002225bce6940 WorkerThread "GC Thread#1"                     [id=30512, stack(0x000000b6ce500000,0x000000b6ce600000) (1024K)]
  0x000002225bcc2a00 WorkerThread "GC Thread#2"                     [id=8052, stack(0x000000b6ce600000,0x000000b6ce700000) (1024K)]
  0x000002225bcc2da0 WorkerThread "GC Thread#3"                     [id=31128, stack(0x000000b6ce700000,0x000000b6ce800000) (1024K)]
  0x0000022260060720 WorkerThread "GC Thread#4"                     [id=15124, stack(0x000000b6ce800000,0x000000b6ce900000) (1024K)]
  0x0000022260824f80 WorkerThread "GC Thread#5"                     [id=30952, stack(0x000000b6ce900000,0x000000b6cea00000) (1024K)]
  0x000002226157fc60 WorkerThread "GC Thread#6"                     [id=19684, stack(0x000000b6cf200000,0x000000b6cf300000) (1024K)]
  0x00000222615828b0 WorkerThread "GC Thread#7"                     [id=10340, stack(0x000000b6cf300000,0x000000b6cf400000) (1024K)]
  0x0000022261587370 WorkerThread "GC Thread#8"                     [id=7472, stack(0x000000b6cf400000,0x000000b6cf500000) (1024K)]
  0x00000222615881f0 WorkerThread "GC Thread#9"                     [id=13880, stack(0x000000b6cf500000,0x000000b6cf600000) (1024K)]
  0x000002224367fee0 ConcurrentGCThread "G1 Main Marker"            [id=31692, stack(0x000000b6cd300000,0x000000b6cd400000) (1024K)]
  0x00000222436808f0 WorkerThread "G1 Conc#0"                       [id=25368, stack(0x000000b6cd400000,0x000000b6cd500000) (1024K)]
  0x0000022261587ab0 WorkerThread "G1 Conc#1"                       [id=31732, stack(0x000000b6cf600000,0x000000b6cf700000) (1024K)]
  0x0000022261587710 WorkerThread "G1 Conc#2"                       [id=27716, stack(0x000000b6cf700000,0x000000b6cf800000) (1024K)]
  0x000002225b03c320 ConcurrentGCThread "G1 Refine#0"               [id=9552, stack(0x000000b6cd500000,0x000000b6cd600000) (1024K)]
  0x000002225b03cca0 ConcurrentGCThread "G1 Service"                [id=28020, stack(0x000000b6cd600000,0x000000b6cd700000) (1024K)]
Total: 18

Threads with active compile tasks:
C2 CompilerThread0  12181 4713       4       java.lang.invoke.InvokerBytecodeGenerator::addMethod (725 bytes)
C2 CompilerThread1  12181 4727   !   4       java.net.URLClassLoader::findClass (47 bytes)
C2 CompilerThread2  12181 4728       4       java.net.URLClassLoader$1::run (5 bytes)
Total: 3

VM state: not at safepoint (normal execution)

VM Mutex/Monitor currently owned by a thread: None

Heap address: 0x0000000080000000, size: 2048 MB, Compressed Oops mode: 32-bit

CDS archive(s) not mapped
Compressed class space mapped at: 0x0000000100000000-0x0000000140000000, reserved size: 1073741824
Narrow klass base: 0x0000000000000000, Narrow klass shift: 3, Narrow klass range: 0x140000000

GC Precious Log:
 CardTable entry size: 512
 Card Set container configuration: InlinePtr #cards 5 size 8 Array Of Cards #cards 12 size 40 Howl #buckets 4 coarsen threshold 1843 Howl Bitmap #cards 512 size 80 coarsen threshold 460 Card regions per heap region 1 cards per card region 2048
 CPUs: 12 total, 12 available
 Memory: 15693M
 Large Page Support: Disabled
 NUMA Support: Disabled
 Compressed Oops: Enabled (32-bit)
 Heap Region Size: 1M
 Heap Min Capacity: 8M
 Heap Initial Capacity: 246M
 Heap Max Capacity: 2G
 Pre-touch: Disabled
 Parallel Workers: 10
 Concurrent Workers: 3
 Concurrent Refinement Workers: 10
 Periodic GC: Disabled

Heap:
 garbage-first heap   total 83968K, used 55975K [0x0000000080000000, 0x0000000100000000)
  region size 1024K, 27 young (27648K), 6 survivors (6144K)
 Metaspace       used 51958K, committed 53504K, reserved 1114112K
  class space    used 7100K, committed 7872K, reserved 1048576K

Heap Regions: E=young(eden), S=young(survivor), O=old, HS=humongous(starts), HC=humongous(continues), CS=collection set, F=free, TAMS=top-at-mark-start, PB=parsable bottom
|   0|0x0000000080000000, 0x0000000080100000, 0x0000000080100000|100%| O|  |TAMS 0x0000000080000000| PB 0x0000000080000000| Untracked 
|   1|0x0000000080100000, 0x0000000080200000, 0x0000000080200000|100%|HS|  |TAMS 0x0000000080100000| PB 0x0000000080100000| Complete 
|   2|0x0000000080200000, 0x0000000080300000, 0x0000000080300000|100%|HC|  |TAMS 0x0000000080200000| PB 0x0000000080200000| Complete 
|   3|0x0000000080300000, 0x0000000080400000, 0x0000000080400000|100%|HC|  |TAMS 0x0000000080300000| PB 0x0000000080300000| Complete 
|   4|0x0000000080400000, 0x0000000080500000, 0x0000000080500000|100%| O|  |TAMS 0x0000000080400000| PB 0x0000000080400000| Untracked 
|   5|0x0000000080500000, 0x0000000080600000, 0x0000000080600000|100%| O|  |TAMS 0x0000000080500000| PB 0x0000000080500000| Untracked 
|   6|0x0000000080600000, 0x0000000080700000, 0x0000000080700000|100%| O|  |TAMS 0x0000000080600000| PB 0x0000000080600000| Untracked 
|   7|0x0000000080700000, 0x0000000080800000, 0x0000000080800000|100%|HS|  |TAMS 0x0000000080700000| PB 0x0000000080700000| Complete 
|   8|0x0000000080800000, 0x0000000080900000, 0x0000000080900000|100%| O|  |TAMS 0x0000000080800000| PB 0x0000000080800000| Untracked 
|   9|0x0000000080900000, 0x0000000080a00000, 0x0000000080a00000|100%| O|  |TAMS 0x0000000080900000| PB 0x0000000080900000| Untracked 
|  10|0x0000000080a00000, 0x0000000080b00000, 0x0000000080b00000|100%| O|  |TAMS 0x0000000080a00000| PB 0x0000000080a00000| Untracked 
|  11|0x0000000080b00000, 0x0000000080c00000, 0x0000000080c00000|100%| O|  |TAMS 0x0000000080b00000| PB 0x0000000080b00000| Untracked 
|  12|0x0000000080c00000, 0x0000000080d00000, 0x0000000080d00000|100%| O|  |TAMS 0x0000000080c00000| PB 0x0000000080c00000| Untracked 
|  13|0x0000000080d00000, 0x0000000080e00000, 0x0000000080e00000|100%| O|  |TAMS 0x0000000080d00000| PB 0x0000000080d00000| Untracked 
|  14|0x0000000080e00000, 0x0000000080f00000, 0x0000000080f00000|100%| O|  |TAMS 0x0000000080e00000| PB 0x0000000080e00000| Untracked 
|  15|0x0000000080f00000, 0x0000000081000000, 0x0000000081000000|100%| O|  |TAMS 0x0000000080f00000| PB 0x0000000080f00000| Untracked 
|  16|0x0000000081000000, 0x0000000081100000, 0x0000000081100000|100%| O|  |TAMS 0x0000000081000000| PB 0x0000000081000000| Untracked 
|  17|0x0000000081100000, 0x0000000081200000, 0x0000000081200000|100%| O|  |TAMS 0x0000000081100000| PB 0x0000000081100000| Untracked 
|  18|0x0000000081200000, 0x0000000081300000, 0x0000000081300000|100%| O|  |TAMS 0x0000000081200000| PB 0x0000000081200000| Untracked 
|  19|0x0000000081300000, 0x0000000081400000, 0x0000000081400000|100%| O|  |TAMS 0x0000000081300000| PB 0x0000000081300000| Untracked 
|  20|0x0000000081400000, 0x0000000081500000, 0x0000000081500000|100%| O|  |TAMS 0x0000000081400000| PB 0x0000000081400000| Untracked 
|  21|0x0000000081500000, 0x0000000081600000, 0x0000000081600000|100%| O|  |TAMS 0x0000000081500000| PB 0x0000000081500000| Untracked 
|  22|0x0000000081600000, 0x0000000081700000, 0x0000000081700000|100%| O|  |TAMS 0x0000000081600000| PB 0x0000000081600000| Untracked 
|  23|0x0000000081700000, 0x0000000081800000, 0x0000000081800000|100%| O|  |TAMS 0x0000000081700000| PB 0x0000000081700000| Untracked 
|  24|0x0000000081800000, 0x0000000081900000, 0x0000000081900000|100%| O|  |TAMS 0x0000000081800000| PB 0x0000000081800000| Untracked 
|  25|0x0000000081900000, 0x0000000081a00000, 0x0000000081a00000|100%| O|  |TAMS 0x0000000081900000| PB 0x0000000081900000| Untracked 
|  26|0x0000000081a00000, 0x0000000081b00000, 0x0000000081b00000|100%| O|  |TAMS 0x0000000081a00000| PB 0x0000000081a00000| Untracked 
|  27|0x0000000081b00000, 0x0000000081c00000, 0x0000000081c00000|100%| O|  |TAMS 0x0000000081b00000| PB 0x0000000081b00000| Untracked 
|  28|0x0000000081c00000, 0x0000000081ca9ee0, 0x0000000081d00000| 66%| O|  |TAMS 0x0000000081c00000| PB 0x0000000081c00000| Untracked 
|  29|0x0000000081d00000, 0x0000000081d00000, 0x0000000081e00000|  0%| F|  |TAMS 0x0000000081d00000| PB 0x0000000081d00000| Untracked 
|  30|0x0000000081e00000, 0x0000000081e00000, 0x0000000081f00000|  0%| F|  |TAMS 0x0000000081e00000| PB 0x0000000081e00000| Untracked 
|  31|0x0000000081f00000, 0x0000000081ffff00, 0x0000000082000000| 99%| S|CS|TAMS 0x0000000081f00000| PB 0x0000000081f00000| Complete 
|  32|0x0000000082000000, 0x0000000082100000, 0x0000000082100000|100%| S|CS|TAMS 0x0000000082000000| PB 0x0000000082000000| Complete 
|  33|0x0000000082100000, 0x0000000082200000, 0x0000000082200000|100%| S|CS|TAMS 0x0000000082100000| PB 0x0000000082100000| Complete 
|  34|0x0000000082200000, 0x0000000082200000, 0x0000000082300000|  0%| F|  |TAMS 0x0000000082200000| PB 0x0000000082200000| Untracked 
|  35|0x0000000082300000, 0x0000000082300000, 0x0000000082400000|  0%| F|  |TAMS 0x0000000082300000| PB 0x0000000082300000| Untracked 
|  36|0x0000000082400000, 0x0000000082400000, 0x0000000082500000|  0%| F|  |TAMS 0x0000000082400000| PB 0x0000000082400000| Untracked 
|  37|0x0000000082500000, 0x0000000082500000, 0x0000000082600000|  0%| F|  |TAMS 0x0000000082500000| PB 0x0000000082500000| Untracked 
|  38|0x0000000082600000, 0x0000000082600000, 0x0000000082700000|  0%| F|  |TAMS 0x0000000082600000| PB 0x0000000082600000| Untracked 
|  39|0x0000000082700000, 0x0000000082700000, 0x0000000082800000|  0%| F|  |TAMS 0x0000000082700000| PB 0x0000000082700000| Untracked 
|  40|0x0000000082800000, 0x0000000082900000, 0x0000000082900000|100%| S|CS|TAMS 0x0000000082800000| PB 0x0000000082800000| Complete 
|  41|0x0000000082900000, 0x0000000082a00000, 0x0000000082a00000|100%| S|CS|TAMS 0x0000000082900000| PB 0x0000000082900000| Complete 
|  42|0x0000000082a00000, 0x0000000082b00000, 0x0000000082b00000|100%| S|CS|TAMS 0x0000000082a00000| PB 0x0000000082a00000| Complete 
|  43|0x0000000082b00000, 0x0000000082b00000, 0x0000000082c00000|  0%| F|  |TAMS 0x0000000082b00000| PB 0x0000000082b00000| Untracked 
|  44|0x0000000082c00000, 0x0000000082c00000, 0x0000000082d00000|  0%| F|  |TAMS 0x0000000082c00000| PB 0x0000000082c00000| Untracked 
|  45|0x0000000082d00000, 0x0000000082d00000, 0x0000000082e00000|  0%| F|  |TAMS 0x0000000082d00000| PB 0x0000000082d00000| Untracked 
|  46|0x0000000082e00000, 0x0000000082e00000, 0x0000000082f00000|  0%| F|  |TAMS 0x0000000082e00000| PB 0x0000000082e00000| Untracked 
|  47|0x0000000082f00000, 0x0000000082f00000, 0x0000000083000000|  0%| F|  |TAMS 0x0000000082f00000| PB 0x0000000082f00000| Untracked 
|  48|0x0000000083000000, 0x0000000083000000, 0x0000000083100000|  0%| F|  |TAMS 0x0000000083000000| PB 0x0000000083000000| Untracked 
|  49|0x0000000083100000, 0x0000000083100000, 0x0000000083200000|  0%| F|  |TAMS 0x0000000083100000| PB 0x0000000083100000| Untracked 
|  50|0x0000000083200000, 0x0000000083200000, 0x0000000083300000|  0%| F|  |TAMS 0x0000000083200000| PB 0x0000000083200000| Untracked 
|  51|0x0000000083300000, 0x0000000083300000, 0x0000000083400000|  0%| F|  |TAMS 0x0000000083300000| PB 0x0000000083300000| Untracked 
|  52|0x0000000083400000, 0x0000000083400000, 0x0000000083500000|  0%| F|  |TAMS 0x0000000083400000| PB 0x0000000083400000| Untracked 
|  53|0x0000000083500000, 0x0000000083500000, 0x0000000083600000|  0%| F|  |TAMS 0x0000000083500000| PB 0x0000000083500000| Untracked 
|  54|0x0000000083600000, 0x0000000083600000, 0x0000000083700000|  0%| F|  |TAMS 0x0000000083600000| PB 0x0000000083600000| Untracked 
|  55|0x0000000083700000, 0x0000000083700000, 0x0000000083800000|  0%| F|  |TAMS 0x0000000083700000| PB 0x0000000083700000| Untracked 
|  56|0x0000000083800000, 0x0000000083800000, 0x0000000083900000|  0%| F|  |TAMS 0x0000000083800000| PB 0x0000000083800000| Untracked 
|  57|0x0000000083900000, 0x0000000083900000, 0x0000000083a00000|  0%| F|  |TAMS 0x0000000083900000| PB 0x0000000083900000| Untracked 
|  58|0x0000000083a00000, 0x0000000083a00000, 0x0000000083b00000|  0%| F|  |TAMS 0x0000000083a00000| PB 0x0000000083a00000| Untracked 
|  59|0x0000000083b00000, 0x0000000083b00000, 0x0000000083c00000|  0%| F|  |TAMS 0x0000000083b00000| PB 0x0000000083b00000| Untracked 
|  60|0x0000000083c00000, 0x0000000083c00000, 0x0000000083d00000|  0%| F|  |TAMS 0x0000000083c00000| PB 0x0000000083c00000| Untracked 
|  61|0x0000000083d00000, 0x0000000083d8f7a0, 0x0000000083e00000| 56%| E|  |TAMS 0x0000000083d00000| PB 0x0000000083d00000| Complete 
|  62|0x0000000083e00000, 0x0000000083f00000, 0x0000000083f00000|100%| E|CS|TAMS 0x0000000083e00000| PB 0x0000000083e00000| Complete 
|  63|0x0000000083f00000, 0x0000000084000000, 0x0000000084000000|100%| E|CS|TAMS 0x0000000083f00000| PB 0x0000000083f00000| Complete 
|  64|0x0000000084000000, 0x0000000084100000, 0x0000000084100000|100%| E|CS|TAMS 0x0000000084000000| PB 0x0000000084000000| Complete 
|  65|0x0000000084100000, 0x0000000084200000, 0x0000000084200000|100%| E|CS|TAMS 0x0000000084100000| PB 0x0000000084100000| Complete 
|  66|0x0000000084200000, 0x0000000084300000, 0x0000000084300000|100%| E|CS|TAMS 0x0000000084200000| PB 0x0000000084200000| Complete 
|  67|0x0000000084300000, 0x0000000084400000, 0x0000000084400000|100%| E|CS|TAMS 0x0000000084300000| PB 0x0000000084300000| Complete 
|  68|0x0000000084400000, 0x0000000084500000, 0x0000000084500000|100%| E|CS|TAMS 0x0000000084400000| PB 0x0000000084400000| Complete 
|  69|0x0000000084500000, 0x0000000084600000, 0x0000000084600000|100%| E|CS|TAMS 0x0000000084500000| PB 0x0000000084500000| Complete 
|  70|0x0000000084600000, 0x0000000084700000, 0x0000000084700000|100%| E|CS|TAMS 0x0000000084600000| PB 0x0000000084600000| Complete 
|  71|0x0000000084700000, 0x0000000084800000, 0x0000000084800000|100%| E|CS|TAMS 0x0000000084700000| PB 0x0000000084700000| Complete 
| 210|0x000000008d200000, 0x000000008d300000, 0x000000008d300000|100%| E|CS|TAMS 0x000000008d200000| PB 0x000000008d200000| Complete 
| 211|0x000000008d300000, 0x000000008d400000, 0x000000008d400000|100%| E|CS|TAMS 0x000000008d300000| PB 0x000000008d300000| Complete 
| 212|0x000000008d400000, 0x000000008d500000, 0x000000008d500000|100%| E|CS|TAMS 0x000000008d400000| PB 0x000000008d400000| Complete 
| 213|0x000000008d500000, 0x000000008d600000, 0x000000008d600000|100%| E|CS|TAMS 0x000000008d500000| PB 0x000000008d500000| Complete 
| 214|0x000000008d600000, 0x000000008d700000, 0x000000008d700000|100%| E|CS|TAMS 0x000000008d600000| PB 0x000000008d600000| Complete 
| 215|0x000000008d700000, 0x000000008d800000, 0x000000008d800000|100%| E|CS|TAMS 0x000000008d700000| PB 0x000000008d700000| Complete 
| 216|0x000000008d800000, 0x000000008d900000, 0x000000008d900000|100%| E|CS|TAMS 0x000000008d800000| PB 0x000000008d800000| Complete 
| 217|0x000000008d900000, 0x000000008da00000, 0x000000008da00000|100%| E|CS|TAMS 0x000000008d900000| PB 0x000000008d900000| Complete 
| 218|0x000000008da00000, 0x000000008db00000, 0x000000008db00000|100%| E|CS|TAMS 0x000000008da00000| PB 0x000000008da00000| Complete 
| 245|0x000000008f500000, 0x000000008f600000, 0x000000008f600000|100%| E|CS|TAMS 0x000000008f500000| PB 0x000000008f500000| Complete 

Card table byte_map: [0x00000222560b0000,0x00000222564b0000] _byte_map_base: 0x0000022255cb0000

Marking Bits: (CMBitMap*) 0x000002224366e7c0
 Bits: [0x00000222564b0000, 0x00000222584b0000)

Polling page: 0x0000022241450000

Metaspace:

Usage:
  Non-class:     43.82 MB used.
      Class:      6.93 MB used.
       Both:     50.76 MB used.

Virtual space:
  Non-class space:       64.00 MB reserved,      44.56 MB ( 70%) committed,  1 nodes.
      Class space:        1.00 GB reserved,       7.69 MB ( <1%) committed,  1 nodes.
             Both:        1.06 GB reserved,      52.25 MB (  5%) committed. 

Chunk freelists:
   Non-Class:  3.34 MB
       Class:  8.17 MB
        Both:  11.51 MB

MaxMetaspaceSize: unlimited
CompressedClassSpaceSize: 1.00 GB
Initial GC threshold: 21.00 MB
Current GC threshold: 58.69 MB
CDS: off
 - commit_granule_bytes: 65536.
 - commit_granule_words: 8192.
 - virtual_space_node_default_size: 8388608.
 - enlarge_chunks_in_place: 1.
 - use_allocation_guard: 0.


Internal statistics:

num_allocs_failed_limit: 6.
num_arena_births: 2706.
num_arena_deaths: 0.
num_vsnodes_births: 2.
num_vsnodes_deaths: 0.
num_space_committed: 836.
num_space_uncommitted: 0.
num_chunks_returned_to_freelist: 6.
num_chunks_taken_from_freelist: 4729.
num_chunk_merges: 6.
num_chunk_splits: 3040.
num_chunks_enlarged: 1868.
num_inconsistent_stats: 0.

CodeHeap 'non-profiled nmethods': size=120000Kb used=2566Kb max_used=2566Kb free=117433Kb
 bounds [0x000002224e230000, 0x000002224e4c0000, 0x0000022255760000]
CodeHeap 'profiled nmethods': size=120000Kb used=8340Kb max_used=8340Kb free=111659Kb
 bounds [0x0000022246760000, 0x0000022246f90000, 0x000002224dc90000]
CodeHeap 'non-nmethods': size=5760Kb used=1915Kb max_used=1961Kb free=3844Kb
 bounds [0x000002224dc90000, 0x000002224df00000, 0x000002224e230000]
 total_blobs=5049 nmethods=4347 adapters=605
 compilation: enabled
              stopped_count=0, restarted_count=0
 full_count=0

Compilation events (20 events):
Event: 9.103 Thread 0x000002225b25a020 nmethod 4751 0x0000022246f7dc10 code [0x0000022246f7ddc0, 0x0000022246f7df80]
Event: 9.107 Thread 0x000002225b25a020 4752       3       java.lang.invoke.MethodHandles::constant (88 bytes)
Event: 9.108 Thread 0x000002225b25a020 nmethod 4752 0x0000022246f7e090 code [0x0000022246f7e3a0, 0x0000022246f7f280]
Event: 9.108 Thread 0x000002225b25a020 4753       3       java.lang.invoke.SimpleMethodHandle::speciesData (4 bytes)
Event: 9.109 Thread 0x000002225b25a020 nmethod 4753 0x0000022246f7f790 code [0x0000022246f7f920, 0x0000022246f7fa38]
Event: 9.112 Thread 0x000002225b25a020 4756       3       java.lang.invoke.MethodHandles::makeIdentity (23 bytes)
Event: 9.113 Thread 0x000002225b25a020 nmethod 4756 0x0000022246f7fb10 code [0x0000022246f7fda0, 0x0000022246f80748]
Event: 9.113 Thread 0x000002225b25a020 4757       3       java.lang.invoke.LambdaForm::identityForm (27 bytes)
Event: 9.113 Thread 0x000002225b25a020 nmethod 4757 0x0000022246f80b90 code [0x0000022246f80d40, 0x0000022246f80f18]
Event: 9.113 Thread 0x000002225b25a020 4758       3       java.lang.invoke.SimpleMethodHandle::copyWithExtendL (7 bytes)
Event: 9.114 Thread 0x000002225b25a020 nmethod 4758 0x0000022246f81010 code [0x0000022246f811c0, 0x0000022246f81358]
Event: 9.114 Thread 0x000002225b25a020 4759       3       java.lang.invoke.DirectMethodHandle$Special::<init> (16 bytes)
Event: 9.114 Thread 0x000002225b25a020 nmethod 4759 0x0000022246f81410 code [0x0000022246f815c0, 0x0000022246f81760]
Event: 9.116 Thread 0x000002225b25a020 4760       3       java.util.Optional::isEmpty (13 bytes)
Event: 9.116 Thread 0x000002225b25a020 nmethod 4760 0x0000022246f81810 code [0x0000022246f819a0, 0x0000022246f81b00]
Event: 9.123 Thread 0x000002225b25a020 4761       3       java.lang.invoke.MethodHandles$Lookup::unreflectConstructor (55 bytes)
Event: 9.123 Thread 0x000002225b25a020 nmethod 4761 0x0000022246f81b90 code [0x0000022246f81d60, 0x0000022246f82078]
Event: 9.123 Thread 0x000002225b25a020 4762       3       jdk.internal.reflect.MethodHandleAccessorFactory::specializedMethodTypeForConstructor (66 bytes)
Event: 9.123 Thread 0x000002225b25a020 nmethod 4762 0x0000022246f82190 code [0x0000022246f823c0, 0x0000022246f82890]
Event: 9.128 Thread 0x000002225b25a020 4763       3       java.nio.MappedByteBuffer::position (8 bytes)

GC Heap History (20 events):
Event: 0.659 GC heap before
{Heap before GC invocations=0 (full 0):
 garbage-first heap   total 251904K, used 22528K [0x0000000080000000, 0x0000000100000000)
  region size 1024K, 23 young (23552K), 0 survivors (0K)
 Metaspace       used 7981K, committed 8128K, reserved 1114112K
  class space    used 709K, committed 768K, reserved 1048576K
}
Event: 0.662 GC heap after
{Heap after GC invocations=1 (full 0):
 garbage-first heap   total 251904K, used 3584K [0x0000000080000000, 0x0000000100000000)
  region size 1024K, 3 young (3072K), 3 survivors (3072K)
 Metaspace       used 7981K, committed 8128K, reserved 1114112K
  class space    used 709K, committed 768K, reserved 1048576K
}
Event: 1.304 GC heap before
{Heap before GC invocations=1 (full 0):
 garbage-first heap   total 251904K, used 39424K [0x0000000080000000, 0x0000000100000000)
  region size 1024K, 36 young (36864K), 3 survivors (3072K)
 Metaspace       used 12127K, committed 12288K, reserved 1114112K
  class space    used 1273K, committed 1344K, reserved 1048576K
}
Event: 1.309 GC heap after
{Heap after GC invocations=2 (full 0):
 garbage-first heap   total 251904K, used 11421K [0x0000000080000000, 0x0000000100000000)
  region size 1024K, 5 young (5120K), 5 survivors (5120K)
 Metaspace       used 12127K, committed 12288K, reserved 1114112K
  class space    used 1273K, committed 1344K, reserved 1048576K
}
Event: 1.860 GC heap before
{Heap before GC invocations=2 (full 0):
 garbage-first heap   total 251904K, used 58525K [0x0000000080000000, 0x0000000100000000)
  region size 1024K, 50 young (51200K), 5 survivors (5120K)
 Metaspace       used 13107K, committed 13376K, reserved 1114112K
  class space    used 1441K, committed 1600K, reserved 1048576K
}
Event: 1.866 GC heap after
{Heap after GC invocations=3 (full 0):
 garbage-first heap   total 251904K, used 17148K [0x0000000080000000, 0x0000000100000000)
  region size 1024K, 5 young (5120K), 5 survivors (5120K)
 Metaspace       used 13107K, committed 13376K, reserved 1114112K
  class space    used 1441K, committed 1600K, reserved 1048576K
}
Event: 4.669 GC heap before
{Heap before GC invocations=3 (full 0):
 garbage-first heap   total 251904K, used 43772K [0x0000000080000000, 0x0000000100000000)
  region size 1024K, 32 young (32768K), 5 survivors (5120K)
 Metaspace       used 21134K, committed 21504K, reserved 1114112K
  class space    used 2433K, committed 2624K, reserved 1048576K
}
Event: 4.674 GC heap after
{Heap after GC invocations=4 (full 0):
 garbage-first heap   total 251904K, used 20497K [0x0000000080000000, 0x0000000100000000)
  region size 1024K, 9 young (9216K), 9 survivors (9216K)
 Metaspace       used 21134K, committed 21504K, reserved 1114112K
  class space    used 2433K, committed 2624K, reserved 1048576K
}
Event: 5.693 GC heap before
{Heap before GC invocations=5 (full 0):
 garbage-first heap   total 71680K, used 69649K [0x0000000080000000, 0x0000000100000000)
  region size 1024K, 58 young (59392K), 9 survivors (9216K)
 Metaspace       used 29210K, committed 29824K, reserved 1114112K
  class space    used 3715K, committed 3968K, reserved 1048576K
}
Event: 5.701 GC heap after
{Heap after GC invocations=6 (full 0):
 garbage-first heap   total 83968K, used 23556K [0x0000000080000000, 0x0000000100000000)
  region size 1024K, 12 young (12288K), 12 survivors (12288K)
 Metaspace       used 29210K, committed 29824K, reserved 1114112K
  class space    used 3715K, committed 3968K, reserved 1048576K
}
Event: 6.748 GC heap before
{Heap before GC invocations=6 (full 0):
 garbage-first heap   total 83968K, used 60420K [0x0000000080000000, 0x0000000100000000)
  region size 1024K, 49 young (50176K), 12 survivors (12288K)
 Metaspace       used 34331K, committed 35200K, reserved 1114112K
  class space    used 4573K, committed 4992K, reserved 1048576K
}
Event: 6.756 GC heap after
{Heap after GC invocations=7 (full 0):
 garbage-first heap   total 83968K, used 25414K [0x0000000080000000, 0x0000000100000000)
  region size 1024K, 6 young (6144K), 6 survivors (6144K)
 Metaspace       used 34331K, committed 35200K, reserved 1114112K
  class space    used 4573K, committed 4992K, reserved 1048576K
}
Event: 6.962 GC heap before
{Heap before GC invocations=7 (full 0):
 garbage-first heap   total 83968K, used 30534K [0x0000000080000000, 0x0000000100000000)
  region size 1024K, 13 young (13312K), 6 survivors (6144K)
 Metaspace       used 35102K, committed 35968K, reserved 1114112K
  class space    used 4700K, committed 5120K, reserved 1048576K
}
Event: 6.967 GC heap after
{Heap after GC invocations=8 (full 0):
 garbage-first heap   total 83968K, used 26326K [0x0000000080000000, 0x0000000100000000)
  region size 1024K, 4 young (4096K), 4 survivors (4096K)
 Metaspace       used 35102K, committed 35968K, reserved 1114112K
  class space    used 4700K, committed 5120K, reserved 1048576K
}
Event: 7.822 GC heap before
{Heap before GC invocations=9 (full 0):
 garbage-first heap   total 83968K, used 70358K [0x0000000080000000, 0x0000000100000000)
  region size 1024K, 48 young (49152K), 4 survivors (4096K)
 Metaspace       used 41620K, committed 42816K, reserved 1114112K
  class space    used 5644K, committed 6208K, reserved 1048576K
}
Event: 7.826 GC heap after
{Heap after GC invocations=10 (full 0):
 garbage-first heap   total 83968K, used 28898K [0x0000000080000000, 0x0000000100000000)
  region size 1024K, 6 young (6144K), 6 survivors (6144K)
 Metaspace       used 41620K, committed 42816K, reserved 1114112K
  class space    used 5644K, committed 6208K, reserved 1048576K
}
Event: 8.348 GC heap before
{Heap before GC invocations=10 (full 0):
 garbage-first heap   total 83968K, used 70882K [0x0000000080000000, 0x0000000100000000)
  region size 1024K, 48 young (49152K), 6 survivors (6144K)
 Metaspace       used 46684K, committed 48064K, reserved 1114112K
  class space    used 6231K, committed 6912K, reserved 1048576K
}
Event: 8.357 GC heap after
{Heap after GC invocations=11 (full 0):
 garbage-first heap   total 83968K, used 32216K [0x0000000080000000, 0x0000000100000000)
  region size 1024K, 6 young (6144K), 6 survivors (6144K)
 Metaspace       used 46684K, committed 48064K, reserved 1114112K
  class space    used 6231K, committed 6912K, reserved 1048576K
}
Event: 8.757 GC heap before
{Heap before GC invocations=11 (full 0):
 garbage-first heap   total 83968K, used 72152K [0x0000000080000000, 0x0000000100000000)
  region size 1024K, 45 young (46080K), 6 survivors (6144K)
 Metaspace       used 49378K, committed 50816K, reserved 1114112K
  class space    used 6664K, committed 7360K, reserved 1048576K
}
Event: 8.762 GC heap after
{Heap after GC invocations=12 (full 0):
 garbage-first heap   total 83968K, used 35495K [0x0000000080000000, 0x0000000100000000)
  region size 1024K, 6 young (6144K), 6 survivors (6144K)
 Metaspace       used 49378K, committed 50816K, reserved 1114112K
  class space    used 6664K, committed 7360K, reserved 1048576K
}

Dll operation events (3 events):
Event: 0.015 Loaded shared library D:\Android\Android Studio\jbr\bin\java.dll
Event: 0.025 Loaded shared library D:\Android\Android Studio\jbr\bin\zip.dll
Event: 0.723 Loaded shared library D:\Android\Android Studio\jbr\bin\verify.dll

Deoptimization events (20 events):
Event: 8.837 Thread 0x0000022261491650 Uncommon trap: trap_request=0xffffffde fr.pc=0x000002224e4697a0 relative=0x0000000000000200
Event: 8.837 Thread 0x0000022261491650 Uncommon trap: reason=class_check action=maybe_recompile pc=0x000002224e4697a0 method=jdk.internal.loader.URLClassPath.getResource(Ljava/lang/String;Z)Ljdk/internal/loader/Resource; @ 53 c2
Event: 8.837 Thread 0x0000022261491650 DEOPT PACKING pc=0x000002224e4697a0 sp=0x000000b6ceef9300
Event: 8.837 Thread 0x0000022261491650 DEOPT UNPACKING pc=0x000002224dce46a2 sp=0x000000b6ceef9290 mode 2
Event: 8.890 Thread 0x0000022261491650 Uncommon trap: trap_request=0xffffffde fr.pc=0x000002224e416070 relative=0x0000000000001cd0
Event: 8.890 Thread 0x0000022261491650 Uncommon trap: reason=class_check action=maybe_recompile pc=0x000002224e416070 method=jdk.internal.loader.URLClassPath.getLoader(I)Ljdk/internal/loader/URLClassPath$Loader; @ 190 c2
Event: 8.890 Thread 0x0000022261491650 DEOPT PACKING pc=0x000002224e416070 sp=0x000000b6ceef8de0
Event: 8.890 Thread 0x0000022261491650 DEOPT UNPACKING pc=0x000002224dce46a2 sp=0x000000b6ceef8dd0 mode 2
Event: 8.890 Thread 0x0000022261491650 Uncommon trap: trap_request=0xffffffde fr.pc=0x000002224e4697a0 relative=0x0000000000000200
Event: 8.890 Thread 0x0000022261491650 Uncommon trap: reason=class_check action=maybe_recompile pc=0x000002224e4697a0 method=jdk.internal.loader.URLClassPath.getResource(Ljava/lang/String;Z)Ljdk/internal/loader/Resource; @ 53 c2
Event: 8.890 Thread 0x0000022261491650 DEOPT PACKING pc=0x000002224e4697a0 sp=0x000000b6ceef8ea0
Event: 8.890 Thread 0x0000022261491650 DEOPT UNPACKING pc=0x000002224dce46a2 sp=0x000000b6ceef8e30 mode 2
Event: 8.895 Thread 0x0000022261491650 Uncommon trap: trap_request=0xffffffde fr.pc=0x000002224e416070 relative=0x0000000000001cd0
Event: 8.895 Thread 0x0000022261491650 Uncommon trap: reason=class_check action=maybe_recompile pc=0x000002224e416070 method=jdk.internal.loader.URLClassPath.getLoader(I)Ljdk/internal/loader/URLClassPath$Loader; @ 190 c2
Event: 8.895 Thread 0x0000022261491650 DEOPT PACKING pc=0x000002224e416070 sp=0x000000b6ceef8cb0
Event: 8.896 Thread 0x0000022261491650 DEOPT UNPACKING pc=0x000002224dce46a2 sp=0x000000b6ceef8ca0 mode 2
Event: 8.896 Thread 0x0000022261491650 Uncommon trap: trap_request=0xffffffde fr.pc=0x000002224e4697a0 relative=0x0000000000000200
Event: 8.896 Thread 0x0000022261491650 Uncommon trap: reason=class_check action=maybe_recompile pc=0x000002224e4697a0 method=jdk.internal.loader.URLClassPath.getResource(Ljava/lang/String;Z)Ljdk/internal/loader/Resource; @ 53 c2
Event: 8.896 Thread 0x0000022261491650 DEOPT PACKING pc=0x000002224e4697a0 sp=0x000000b6ceef8d70
Event: 8.896 Thread 0x0000022261491650 DEOPT UNPACKING pc=0x000002224dce46a2 sp=0x000000b6ceef8d00 mode 2

Classes loaded (20 events):
Event: 8.587 Loading class java/util/stream/Streams$RangeIntSpliterator
Event: 8.587 Loading class java/util/stream/Streams$RangeIntSpliterator done
Event: 8.603 Loading class jdk/internal/loader/URLClassPath$FileLoader
Event: 8.603 Loading class jdk/internal/loader/URLClassPath$FileLoader done
Event: 8.605 Loading class jdk/internal/loader/URLClassPath$FileLoader$1
Event: 8.605 Loading class jdk/internal/loader/URLClassPath$FileLoader$1 done
Event: 8.825 Loading class java/util/PrimitiveIterator$OfInt
Event: 8.825 Loading class java/util/PrimitiveIterator
Event: 8.825 Loading class java/util/PrimitiveIterator done
Event: 8.825 Loading class java/util/PrimitiveIterator$OfInt done
Event: 8.829 Loading class java/util/concurrent/RecursiveAction
Event: 8.829 Loading class java/util/concurrent/RecursiveAction done
Event: 8.876 Loading class java/util/concurrent/atomic/AtomicReferenceFieldUpdater
Event: 8.876 Loading class java/util/concurrent/atomic/AtomicReferenceFieldUpdater done
Event: 8.876 Loading class java/util/concurrent/atomic/AtomicReferenceFieldUpdater$AtomicReferenceFieldUpdaterImpl
Event: 8.876 Loading class java/util/concurrent/atomic/AtomicReferenceFieldUpdater$AtomicReferenceFieldUpdaterImpl done
Event: 8.876 Loading class java/util/concurrent/atomic/AtomicReferenceFieldUpdater$AtomicReferenceFieldUpdaterImpl$1
Event: 8.876 Loading class java/util/concurrent/atomic/AtomicReferenceFieldUpdater$AtomicReferenceFieldUpdaterImpl$1 done
Event: 9.076 Loading class java/lang/StringIndexOutOfBoundsException
Event: 9.076 Loading class java/lang/StringIndexOutOfBoundsException done

Classes unloaded (0 events):
No events

Classes redefined (0 events):
No events

Internal exceptions (20 events):
Event: 8.601 Thread 0x0000022261491650 Exception <a 'java/lang/NoSuchMethodError'{0x000000008367e690}: 'void java.lang.invoke.DirectMethodHandle$Holder.invokeInterface(java.lang.Object, java.lang.Object, java.lang.Object, java.lang.Object, java.lang.Object, java.lang.Object, java.lang.Object)'> (0x000000008367e690) 
thrown [s\src\hotspot\share\interpreter\linkResolver.cpp, line 784]
Event: 8.602 Thread 0x0000022261491650 Exception <a 'java/lang/NoSuchMethodError'{0x00000000836831f8}: 'void java.lang.invoke.DelegatingMethodHandle$Holder.reinvoke_L(java.lang.Object, java.lang.Object, java.lang.Object, java.lang.Object, java.lang.Object, java.lang.Object, java.lang.Object)'> (0x00000000836831f8) 
thrown [s\src\hotspot\share\interpreter\linkResolver.cpp, line 784]
Event: 8.618 Thread 0x0000022261491650 Exception <a 'java/lang/NoSuchMethodError'{0x0000000083597f28}: 'java.lang.Object java.lang.invoke.DirectMethodHandle$Holder.invokeVirtual(java.lang.Object, java.lang.Object, java.lang.Object, java.lang.Object, java.lang.Object, java.lang.Object, java.lang.Object, java.lang.Object, java.lang.Object, java.lang.Object, java.lang.Object, java.lang.Object, java.lang.Object, java.lang.Object, java.lang.Object)'> (0x0000000083597f28) 
thrown [s\src\hotspot\share\interpreter\linkResolver.cpp, line 784]
Event: 8.625 Thread 0x0000022261491650 Exception <a 'java/lang/NoSuchMethodError'{0x000000008346ebf0}: 'java.lang.Object java.lang.invoke.DirectMethodHandle$Holder.newInvokeSpecial(java.lang.Object, java.lang.Object, java.lang.Object, java.lang.Object, java.lang.Object, java.lang.Object, java.lang.Object, java.lang.Object, java.lang.Object, java.lang.Object, java.lang.Object, java.lang.Object, java.lang.Object)'> (0x000000008346ebf0) 
thrown [s\src\hotspot\share\interpreter\linkResolver.cpp, line 784]
Event: 8.665 Thread 0x0000022261491650 Exception <a 'java/lang/NoSuchMethodError'{0x00000000831aca00}: 'java.lang.Object java.lang.invoke.DirectMethodHandle$Holder.newInvokeSpecial(java.lang.Object, java.lang.Object, java.lang.Object, java.lang.Object, int)'> (0x00000000831aca00) 
thrown [s\src\hotspot\share\interpreter\linkResolver.cpp, line 784]
Event: 8.666 Thread 0x0000022261491650 Exception <a 'java/lang/NoSuchMethodError'{0x00000000831b19f8}: 'java.lang.Object java.lang.invoke.DirectMethodHandle$Holder.invokeSpecial(java.lang.Object, java.lang.Object, java.lang.Object, java.lang.Object, java.lang.Object, int)'> (0x00000000831b19f8) 
thrown [s\src\hotspot\share\interpreter\linkResolver.cpp, line 784]
Event: 8.666 Thread 0x0000022261491650 Exception <a 'java/lang/NoSuchMethodError'{0x00000000831b6178}: 'java.lang.Object java.lang.invoke.Invokers$Holder.linkToTargetMethod(java.lang.Object, java.lang.Object, java.lang.Object, int, java.lang.Object)'> (0x00000000831b6178) 
thrown [s\src\hotspot\share\interpreter\linkResolver.cpp, line 784]
Event: 8.701 Thread 0x0000022261491650 Exception <a 'java/lang/NoSuchMethodError'{0x0000000082fe2068}: 'int java.lang.invoke.DirectMethodHandle$Holder.invokeInterface(java.lang.Object, java.lang.Object, java.lang.Object, java.lang.Object)'> (0x0000000082fe2068) 
thrown [s\src\hotspot\share\interpreter\linkResolver.cpp, line 784]
Event: 8.732 Thread 0x0000022261491650 Exception <a 'java/lang/NoSuchMethodError'{0x0000000082c3b150}: 'java.lang.Object java.lang.invoke.DirectMethodHandle$Holder.invokeStatic(java.lang.Object, long, java.lang.Object)'> (0x0000000082c3b150) 
thrown [s\src\hotspot\share\interpreter\linkResolver.cpp, line 784]
Event: 8.732 Thread 0x0000022261491650 Exception <a 'java/lang/NoSuchMethodError'{0x0000000082c42348}: 'java.lang.Object java.lang.invoke.DirectMethodHandle$Holder.newInvokeSpecial(java.lang.Object, long)'> (0x0000000082c42348) 
thrown [s\src\hotspot\share\interpreter\linkResolver.cpp, line 784]
Event: 8.738 Thread 0x0000022261491650 Exception <a 'java/lang/NoSuchMethodError'{0x0000000082cac028}: 'java.lang.Object java.lang.invoke.Invokers$Holder.linkToTargetMethod(java.lang.Object, java.lang.Object, java.lang.Object, java.lang.Object, long, java.lang.Object, java.lang.Object)'> (0x0000000082cac028) 
thrown [s\src\hotspot\share\interpreter\linkResolver.cpp, line 784]
Event: 8.742 Thread 0x0000022261491650 Exception <a 'java/lang/NoSuchMethodError'{0x0000000082cf5530}: 'java.lang.Object java.lang.invoke.DirectMethodHandle$Holder.invokeSpecial(java.lang.Object, java.lang.Object, java.lang.Object, java.lang.Object, long, java.lang.Object)'> (0x0000000082cf5530) 
thrown [s\src\hotspot\share\interpreter\linkResolver.cpp, line 784]
Event: 8.742 Thread 0x0000022261491650 Exception <a 'java/lang/NoSuchMethodError'{0x0000000082cf9800}: 'java.lang.Object java.lang.invoke.Invokers$Holder.linkToTargetMethod(java.lang.Object, java.lang.Object, long, java.lang.Object, java.lang.Object)'> (0x0000000082cf9800) 
thrown [s\src\hotspot\share\interpreter\linkResolver.cpp, line 784]
Event: 8.777 Thread 0x0000022261491650 Exception <a 'java/lang/NoSuchMethodError'{0x000000008da7ebe0}: 'java.lang.Object java.lang.invoke.DirectMethodHandle$Holder.newInvokeSpecial(java.lang.Object, java.lang.Object, java.lang.Object, java.lang.Object, java.lang.Object, java.lang.Object, java.lang.Object, java.lang.Object, java.lang.Object, java.lang.Object, java.lang.Object, java.lang.Object, java.lang.Object, java.lang.Object, java.lang.Object, java.lang.Object, java.lang.Object, java.lang.Object, java.lang.Object, java.lang.Object, java.lang
Event: 8.819 Thread 0x0000022261491650 Implicit null exception at 0x000002224e288d7c to 0x000002224e288e2c
Event: 8.969 Thread 0x0000022261491650 Exception <a 'java/lang/IncompatibleClassChangeError'{0x0000000084532130}: Found class java.lang.Object, but interface was expected> (0x0000000084532130) 
thrown [s\src\hotspot\share\interpreter\linkResolver.cpp, line 851]
Event: 9.024 Thread 0x0000022261491650 Exception <a 'java/lang/NoSuchMethodError'{0x00000000842813f0}: 'java.lang.Object java.lang.invoke.DirectMethodHandle$Holder.newInvokeSpecial(java.lang.Object, int, java.lang.Object)'> (0x00000000842813f0) 
thrown [s\src\hotspot\share\interpreter\linkResolver.cpp, line 784]
Event: 9.090 Thread 0x0000022261491650 Exception <a 'java/lang/NoSuchMethodError'{0x00000000840bdbb8}: 'java.lang.Object java.lang.invoke.DirectMethodHandle$Holder.invokeSpecial(java.lang.Object, java.lang.Object, long, java.lang.Object, java.lang.Object)'> (0x00000000840bdbb8) 
thrown [s\src\hotspot\share\interpreter\linkResolver.cpp, line 784]
Event: 9.110 Thread 0x0000022261491650 Exception <a 'java/lang/NoSuchMethodError'{0x0000000083f90ad8}: 'java.lang.Object java.lang.invoke.DirectMethodHandle$Holder.newInvokeSpecial(java.lang.Object, java.lang.Object, int, java.lang.Object)'> (0x0000000083f90ad8) 
thrown [s\src\hotspot\share\interpreter\linkResolver.cpp, line 784]
Event: 9.111 Thread 0x0000022261491650 Exception <a 'java/lang/NoSuchMethodError'{0x0000000083f95318}: 'java.lang.Object java.lang.invoke.DirectMethodHandle$Holder.invokeSpecial(java.lang.Object, java.lang.Object, java.lang.Object, int, java.lang.Object)'> (0x0000000083f95318) 
thrown [s\src\hotspot\share\interpreter\linkResolver.cpp, line 784]

ZGC Phase Switch (0 events):
No events

VM Operations (20 events):
Event: 8.027 Executing VM operation: HandshakeAllThreads (Deoptimize) done
Event: 8.030 Executing VM operation: HandshakeAllThreads (Deoptimize)
Event: 8.030 Executing VM operation: HandshakeAllThreads (Deoptimize) done
Event: 8.097 Executing VM operation: HandshakeAllThreads (Deoptimize)
Event: 8.098 Executing VM operation: HandshakeAllThreads (Deoptimize) done
Event: 8.182 Executing VM operation: ICBufferFull
Event: 8.183 Executing VM operation: ICBufferFull done
Event: 8.348 Executing VM operation: G1CollectForAllocation (G1 Evacuation Pause)
Event: 8.357 Executing VM operation: G1CollectForAllocation (G1 Evacuation Pause) done
Event: 8.426 Executing VM operation: HandshakeAllThreads (Deoptimize)
Event: 8.426 Executing VM operation: HandshakeAllThreads (Deoptimize) done
Event: 8.452 Executing VM operation: HandshakeAllThreads (Deoptimize)
Event: 8.452 Executing VM operation: HandshakeAllThreads (Deoptimize) done
Event: 8.657 Executing VM operation: HandshakeAllThreads (Deoptimize)
Event: 8.657 Executing VM operation: HandshakeAllThreads (Deoptimize) done
Event: 8.699 Executing VM operation: HandshakeAllThreads (Deoptimize)
Event: 8.699 Executing VM operation: HandshakeAllThreads (Deoptimize) done
Event: 8.757 Executing VM operation: G1CollectForAllocation (G1 Evacuation Pause)
Event: 8.762 Executing VM operation: G1CollectForAllocation (G1 Evacuation Pause) done
Event: 9.769 Executing VM operation: Cleanup

Memory protections (0 events):
No events

Nmethod flushes (20 events):
Event: 6.980 Thread 0x000002225b144440 flushing  nmethod 0x00000222467a1c10
Event: 6.980 Thread 0x000002225b144440 flushing  nmethod 0x00000222467a2110
Event: 6.980 Thread 0x000002225b144440 flushing  nmethod 0x00000222467a2490
Event: 6.980 Thread 0x000002225b144440 flushing  nmethod 0x00000222467a2810
Event: 6.980 Thread 0x000002225b144440 flushing  nmethod 0x00000222467a2d10
Event: 6.980 Thread 0x000002225b144440 flushing  nmethod 0x00000222467dbc90
Event: 6.980 Thread 0x000002225b144440 flushing  nmethod 0x00000222467e2910
Event: 6.980 Thread 0x000002225b144440 flushing  nmethod 0x00000222467e3390
Event: 6.980 Thread 0x000002225b144440 flushing  nmethod 0x000002224684d590
Event: 6.980 Thread 0x000002225b144440 flushing  nmethod 0x0000022246850010
Event: 6.980 Thread 0x000002225b144440 flushing  nmethod 0x0000022246850810
Event: 6.980 Thread 0x000002225b144440 flushing  nmethod 0x0000022246851010
Event: 6.980 Thread 0x000002225b144440 flushing  nmethod 0x0000022246859d90
Event: 6.980 Thread 0x000002225b144440 flushing  nmethod 0x000002224685a290
Event: 6.980 Thread 0x000002225b144440 flushing  nmethod 0x00000222468d1010
Event: 6.980 Thread 0x000002225b144440 flushing  nmethod 0x0000022246923f10
Event: 6.980 Thread 0x000002225b144440 flushing  nmethod 0x0000022246925090
Event: 6.980 Thread 0x000002225b144440 flushing  nmethod 0x00000222469bf310
Event: 6.980 Thread 0x000002225b144440 flushing  nmethod 0x00000222469c0f10
Event: 6.980 Thread 0x000002225b144440 flushing  nmethod 0x0000022246b5a810

Events (20 events):
Event: 3.553 Thread 0x0000022261491650 Thread added: 0x000002226131adb0
Event: 5.063 Thread 0x0000022261491650 Thread added: 0x000002226131b440
Event: 5.072 Thread 0x0000022261491650 Thread added: 0x000002226131a720
Event: 5.102 Thread 0x0000022261491650 Thread added: 0x000002226131bad0
Event: 5.189 Thread 0x000002225b25a020 Thread added: 0x00000222619dca40
Event: 5.877 Thread 0x0000022261491650 Thread added: 0x0000022261319a00
Event: 5.978 Thread 0x00000222619dca40 Thread exited: 0x00000222619dca40
Event: 6.022 Thread 0x000002225b25a020 Thread added: 0x000002226348e4d0
Event: 6.230 Thread 0x000002225b25a020 Thread added: 0x000002226122e160
Event: 6.300 Thread 0x0000022261491650 Thread added: 0x00000222641bdfc0
Event: 6.330 Thread 0x0000022261491650 Thread added: 0x00000222641bd2a0
Event: 6.647 Thread 0x0000022261491650 Thread added: 0x00000222641bd930
Event: 6.654 Thread 0x0000022261491650 Thread added: 0x00000222641bf370
Event: 7.065 Thread 0x000002226122e160 Thread exited: 0x000002226122e160
Event: 7.170 Thread 0x0000022261491650 Thread added: 0x00000222641bcc10
Event: 7.400 Thread 0x0000022261491650 Thread added: 0x00000222641c0db0
Event: 7.504 Thread 0x0000022261491650 Thread added: 0x00000222641bfa00
Event: 7.719 Thread 0x000002225b25a020 Thread added: 0x0000022262989de0
Event: 8.042 Thread 0x0000022262989de0 Thread exited: 0x0000022262989de0
Event: 8.126 Thread 0x000002225b25a020 Thread added: 0x0000022262989de0


Dynamic libraries:
0x00007ff6c7e10000 - 0x00007ff6c7e1a000 	D:\Android\Android Studio\jbr\bin\java.exe
0x00007ffb3d480000 - 0x00007ffb3d6e5000 	C:\WINDOWS\SYSTEM32\ntdll.dll
0x00007ffb3b710000 - 0x00007ffb3b7d9000 	C:\WINDOWS\System32\KERNEL32.DLL
0x00007ffb3a5d0000 - 0x00007ffb3a9b8000 	C:\WINDOWS\System32\KERNELBASE.dll
0x00007ffb3ac20000 - 0x00007ffb3ad6b000 	C:\WINDOWS\System32\ucrtbase.dll
0x00007ffab83b0000 - 0x00007ffab83c8000 	D:\Android\Android Studio\jbr\bin\jli.dll
0x00007ffb3cbd0000 - 0x00007ffb3cd9a000 	C:\WINDOWS\System32\USER32.dll
0x00007ffb112b0000 - 0x00007ffb112cb000 	D:\Android\Android Studio\jbr\bin\VCRUNTIME140.dll
0x00007ffb3abf0000 - 0x00007ffb3ac17000 	C:\WINDOWS\System32\win32u.dll
0x00007ffb3d140000 - 0x00007ffb3d16b000 	C:\WINDOWS\System32\GDI32.dll
0x00007ffb1c8d0000 - 0x00007ffb1cb6a000 	C:\WINDOWS\WinSxS\amd64_microsoft.windows.common-controls_6595b64144ccf1df_6.0.26100.4202_none_3e0698d4e335f517\COMCTL32.dll
0x00007ffb3aef0000 - 0x00007ffb3b027000 	C:\WINDOWS\System32\gdi32full.dll
0x00007ffb3c750000 - 0x00007ffb3c7f9000 	C:\WINDOWS\System32\msvcrt.dll
0x00007ffb3a9c0000 - 0x00007ffb3aa63000 	C:\WINDOWS\System32\msvcp_win.dll
0x00007ffb3cb90000 - 0x00007ffb3cbc0000 	C:\WINDOWS\System32\IMM32.DLL
0x00007ffb112d0000 - 0x00007ffb112dc000 	D:\Android\Android Studio\jbr\bin\vcruntime140_1.dll
0x00007ffad4590000 - 0x00007ffad461d000 	D:\Android\Android Studio\jbr\bin\msvcp140.dll
0x00007ff9f7fa0000 - 0x00007ff9f8c2b000 	D:\Android\Android Studio\jbr\bin\server\jvm.dll
0x00007ffb3b650000 - 0x00007ffb3b703000 	C:\WINDOWS\System32\ADVAPI32.dll
0x00007ffb3b220000 - 0x00007ffb3b2c6000 	C:\WINDOWS\System32\sechost.dll
0x00007ffb3b530000 - 0x00007ffb3b645000 	C:\WINDOWS\System32\RPCRT4.dll
0x00007ffb3d3c0000 - 0x00007ffb3d434000 	C:\WINDOWS\System32\WS2_32.dll
0x00007ffb3a1c0000 - 0x00007ffb3a21e000 	C:\WINDOWS\SYSTEM32\POWRPROF.dll
0x00007ffb30730000 - 0x00007ffb30765000 	C:\WINDOWS\SYSTEM32\WINMM.dll
0x00007ffb32bc0000 - 0x00007ffb32bcb000 	C:\WINDOWS\SYSTEM32\VERSION.dll
0x00007ffb39fa0000 - 0x00007ffb39fb4000 	C:\WINDOWS\SYSTEM32\UMPDC.dll
0x00007ffb39390000 - 0x00007ffb393ab000 	C:\WINDOWS\SYSTEM32\kernel.appcore.dll
0x00007ffb112a0000 - 0x00007ffb112aa000 	D:\Android\Android Studio\jbr\bin\jimage.dll
0x00007ffb37de0000 - 0x00007ffb38021000 	C:\WINDOWS\SYSTEM32\DBGHELP.DLL
0x00007ffb3c800000 - 0x00007ffb3cb85000 	C:\WINDOWS\System32\combase.dll
0x00007ffb3d1d0000 - 0x00007ffb3d2b1000 	C:\WINDOWS\System32\OLEAUT32.dll
0x00007ffb1b660000 - 0x00007ffb1b699000 	C:\WINDOWS\SYSTEM32\dbgcore.DLL
0x00007ffb3b180000 - 0x00007ffb3b219000 	C:\WINDOWS\System32\bcryptPrimitives.dll
0x00007ffad3190000 - 0x00007ffad319e000 	D:\Android\Android Studio\jbr\bin\instrument.dll
0x00007ffaf0620000 - 0x00007ffaf0640000 	D:\Android\Android Studio\jbr\bin\java.dll
0x00007ffad11e0000 - 0x00007ffad11f8000 	D:\Android\Android Studio\jbr\bin\zip.dll
0x00007ffb3b990000 - 0x00007ffb3c0d2000 	C:\WINDOWS\System32\SHELL32.dll
0x00007ffb3ad70000 - 0x00007ffb3aee4000 	C:\WINDOWS\System32\wintypes.dll
0x00007ffb38250000 - 0x00007ffb38aa8000 	C:\WINDOWS\SYSTEM32\windows.storage.dll
0x00007ffb3b380000 - 0x00007ffb3b471000 	C:\WINDOWS\System32\SHCORE.dll
0x00007ffb3d0d0000 - 0x00007ffb3d13a000 	C:\WINDOWS\System32\shlwapi.dll
0x00007ffb3a4e0000 - 0x00007ffb3a50f000 	C:\WINDOWS\SYSTEM32\profapi.dll
0x00007ffb11290000 - 0x00007ffb112a0000 	D:\Android\Android Studio\jbr\bin\net.dll
0x00007ffb32cb0000 - 0x00007ffb32dce000 	C:\WINDOWS\SYSTEM32\WINHTTP.dll
0x00007ffb39900000 - 0x00007ffb3996a000 	C:\WINDOWS\system32\mswsock.dll
0x00007ffab83d0000 - 0x00007ffab83e6000 	D:\Android\Android Studio\jbr\bin\nio.dll
0x00007ffad71d0000 - 0x00007ffad71e0000 	D:\Android\Android Studio\jbr\bin\verify.dll
0x00007ffa934d0000 - 0x00007ffa934f7000 	D:\Android\.gradle\native\c067742578af261105cb4f569cf0c3c89f3d7b1fecec35dd04571415982c5e48\windows-amd64\native-platform.dll
0x00007ffa5d780000 - 0x00007ffa5d8c4000 	D:\Android\.gradle\native\100fb08df4bc3b14c8652ba06237920a3bd2aa13389f12d3474272988ae205f9\windows-amd64\native-platform-file-events.dll
0x00007ffaf4940000 - 0x00007ffaf4949000 	D:\Android\Android Studio\jbr\bin\management.dll
0x00007ffadad20000 - 0x00007ffadad2b000 	D:\Android\Android Studio\jbr\bin\management_ext.dll
0x00007ffb3d050000 - 0x00007ffb3d058000 	C:\WINDOWS\System32\PSAPI.DLL
0x00007ffb39bb0000 - 0x00007ffb39bcb000 	C:\WINDOWS\SYSTEM32\CRYPTSP.dll
0x00007ffb392f0000 - 0x00007ffb3932a000 	C:\WINDOWS\system32\rsaenh.dll
0x00007ffb399a0000 - 0x00007ffb399cb000 	C:\WINDOWS\SYSTEM32\USERENV.dll
0x00007ffb3a4b0000 - 0x00007ffb3a4d6000 	C:\WINDOWS\SYSTEM32\bcrypt.dll
0x00007ffb39bd0000 - 0x00007ffb39bdc000 	C:\WINDOWS\SYSTEM32\CRYPTBASE.dll
0x00007ffb38e70000 - 0x00007ffb38ea3000 	C:\WINDOWS\SYSTEM32\IPHLPAPI.DLL
0x00007ffb3b950000 - 0x00007ffb3b95a000 	C:\WINDOWS\System32\NSI.dll
0x00007ffb09b10000 - 0x00007ffb09b19000 	D:\Android\Android Studio\jbr\bin\extnet.dll
0x00007ffb2caf0000 - 0x00007ffb2caf8000 	C:\WINDOWS\system32\wshunix.dll

dbghelp: loaded successfully - version: 4.0.5 - missing functions: none
symbol engine: initialized successfully - sym options: 0x614 - pdb path: .;D:\Android\Android Studio\jbr\bin;C:\WINDOWS\SYSTEM32;C:\WINDOWS\WinSxS\amd64_microsoft.windows.common-controls_6595b64144ccf1df_6.0.26100.4202_none_3e0698d4e335f517;D:\Android\Android Studio\jbr\bin\server;D:\Android\.gradle\native\c067742578af261105cb4f569cf0c3c89f3d7b1fecec35dd04571415982c5e48\windows-amd64;D:\Android\.gradle\native\100fb08df4bc3b14c8652ba06237920a3bd2aa13389f12d3474272988ae205f9\windows-amd64

VM Arguments:
jvm_args: --add-opens=java.base/java.lang=ALL-UNNAMED --add-opens=java.base/java.lang.invoke=ALL-UNNAMED --add-opens=java.base/java.util=ALL-UNNAMED --add-opens=java.prefs/java.util.prefs=ALL-UNNAMED --add-exports=jdk.compiler/com.sun.tools.javac.api=ALL-UNNAMED --add-exports=jdk.compiler/com.sun.tools.javac.util=ALL-UNNAMED --add-opens=java.base/java.util=ALL-UNNAMED --add-opens=java.prefs/java.util.prefs=ALL-UNNAMED --add-opens=java.base/java.nio.charset=ALL-UNNAMED --add-opens=java.base/java.net=ALL-UNNAMED --add-opens=java.base/java.util.concurrent.atomic=ALL-UNNAMED --add-opens=java.xml/javax.xml.namespace=ALL-UNNAMED -Xmx2048m -Dfile.encoding=UTF-8 -Duser.country=US -Duser.language=en -Duser.variant -javaagent:D:\Android\.gradle\wrapper\dists\gradle-8.11.1-bin\bpt9gzteqjrbo1mjrsomdt32c\gradle-8.11.1\lib\agents\gradle-instrumentation-agent-8.11.1.jar 
java_command: org.gradle.launcher.daemon.bootstrap.GradleDaemon 8.11.1
java_class_path (initial): D:\Android\.gradle\wrapper\dists\gradle-8.11.1-bin\bpt9gzteqjrbo1mjrsomdt32c\gradle-8.11.1\lib\gradle-daemon-main-8.11.1.jar
Launcher Type: SUN_STANDARD

[Global flags]
     intx CICompilerCount                          = 4                                         {product} {ergonomic}
     uint ConcGCThreads                            = 3                                         {product} {ergonomic}
     uint G1ConcRefinementThreads                  = 10                                        {product} {ergonomic}
   size_t G1HeapRegionSize                         = 1048576                                   {product} {ergonomic}
    uintx GCDrainStackTargetSize                   = 64                                        {product} {ergonomic}
   size_t InitialHeapSize                          = 257949696                                 {product} {ergonomic}
   size_t MarkStackSize                            = 4194304                                   {product} {ergonomic}
   size_t MaxHeapSize                              = 2147483648                                {product} {command line}
   size_t MaxNewSize                               = 1287651328                                {product} {ergonomic}
   size_t MinHeapDeltaBytes                        = 1048576                                   {product} {ergonomic}
   size_t MinHeapSize                              = 8388608                                   {product} {ergonomic}
    uintx NonNMethodCodeHeapSize                   = 5839372                                {pd product} {ergonomic}
    uintx NonProfiledCodeHeapSize                  = 122909434                              {pd product} {ergonomic}
    uintx ProfiledCodeHeapSize                     = 122909434                              {pd product} {ergonomic}
    uintx ReservedCodeCacheSize                    = 251658240                              {pd product} {ergonomic}
     bool SegmentedCodeCache                       = true                                      {product} {ergonomic}
   size_t SoftMaxHeapSize                          = 2147483648                             {manageable} {ergonomic}
     bool UseCompressedOops                        = true                           {product lp64_product} {ergonomic}
     bool UseG1GC                                  = true                                      {product} {ergonomic}
     bool UseLargePagesIndividualAllocation        = false                                  {pd product} {ergonomic}

Logging:
Log output configuration:
 #0: stdout all=warning uptime,level,tags foldmultilines=false
 #1: stderr all=off uptime,level,tags foldmultilines=false

Environment Variables:
PATH=D:\VMware\VMware Workstation\bin\;C:\Program Files\Common Files\Oracle\Java\javapath;C:\mingw64\bin;C:\WINDOWS\system32;C:\WINDOWS;C:\WINDOWS\System32\Wbem;C:\WINDOWS\System32\WindowsPowerShell\v1.0\;C:\WINDOWS\System32\OpenSSH\;C:\Program Files\HP\HP One Agent;C:\FPC\3.2.2\bin\i386-Win32;C:\Program Files\NASM;C:\Program Files\MiKTeX\miktex\bin\x64\;C:\Strawberry\perl\site\bin;C:\Strawberry\perl\bin;C:\WINDOWS\system32;C:\WINDOWS;C:\WINDOWS\System32\Wbem;C:\WINDOWS\System32\WindowsPowerShell\v1.0\;C:\WINDOWS\System32\OpenSSH\;C:\Program Files\PHP\php-8.4.3-nts-Win32-vs17-x64;C:\kotlinc\bin;C:\composer;D:\nodejs\;D:\ffmpeg\ffmpeg-2024-11-06-git-4047b887fc-essentials_build\bin;C:\Program Files\PowerShell\7\;C:\Program Files\Neovim\bin;C:\Program Files\Git\cmd;C:\Users\mhdfa\AppData\Local\Programs\Python\Python313\Scripts\;C:\Users\mhdfa\AppData\Local\Programs\Python\Python313\;C:\Users\mhdfa\AppData\Local\Microsoft\WindowsApps;C:\Users\mhdfa\AppData\Local\Programs\Microsoft VS Code\bin;C:\Users\mhdfa\AppData\Local\GitHubDesktop\bin;C:\FPC\3.2.2\bin\i386-win32;D:\Intelij IDEA\IntelliJ IDEA Community Edition 2024.3.4.1\bin;C:\Users\mhdfa\AppData\Local\Microsoft\WinGet\Links;C:\Users\mhdfa\AppData\Roaming\Composer\vendor\bin;D:\laragon\bin\php\php-8.4.6-nts-Win32-vs17-x64;C:\Users\mhdfa\AppData\Roaming\npm
USERNAME=mhdfa
OS=Windows_NT
PROCESSOR_IDENTIFIER=AMD64 Family 23 Model 104 Stepping 1, AuthenticAMD
TMP=C:\Users\mhdfa\AppData\Local\Temp
TEMP=C:\Users\mhdfa\AppData\Local\Temp




Periodic native trim disabled

JNI global refs:
JNI global refs: 25, weak refs: 0

JNI global refs memory usage: 835, weak refs: 833

Process memory usage:
Resident Set Size: 284308K (1% of 16070256K total physical memory with 1263172K free physical memory)

OOME stack traces (most recent first):
Classloader memory used:
Loader org.gradle.internal.classloader.VisitableURLClassLoader                         : 24194K
Loader bootstrap                                                                       : 21598K
Loader org.gradle.initialization.MixInLegacyTypesClassLoader                           : 5458K
Loader jdk.internal.loader.ClassLoaders$PlatformClassLoader                            : 497K
Loader jdk.internal.loader.ClassLoaders$AppClassLoader                                 : 234K
Loader org.gradle.internal.classloader.VisitableURLClassLoader                         : 19136B

Classes loaded by more than one classloader:
Class org.gradle.internal.classloader.FilteringClassLoader                            : loaded 2 times (x 101B)
Class org.gradle.internal.classloader.ClassLoaderHierarchy                            : loaded 2 times (x 66B)
Class org.gradle.api.internal.classpath.ManifestUtil                                  : loaded 2 times (x 67B)
Class org.gradle.internal.classloader.DefaultClassLoaderFactory                       : loaded 2 times (x 78B)
Class org.gradle.internal.classloader.ClassLoaderVisitor                              : loaded 2 times (x 72B)
Class org.gradle.api.internal.classpath.EffectiveClassPath                            : loaded 2 times (x 86B)
Class org.gradle.api.internal.DefaultClassPathProvider                                : loaded 2 times (x 72B)
Class [Lorg.gradle.api.internal.ClassPathProvider;                                    : loaded 2 times (x 65B)
Class org.gradle.api.internal.ClassPathProvider                                       : loaded 2 times (x 66B)
Class org.gradle.internal.service.UnknownServiceException                             : loaded 2 times (x 79B)
Class org.gradle.internal.classpath.TransformedClassPath                              : loaded 2 times (x 92B)
Class org.gradle.internal.classloader.InstrumentingClassLoader                        : loaded 2 times (x 66B)
Class org.gradle.internal.service.ServiceLocator                                      : loaded 2 times (x 66B)
Class org.gradle.internal.InternalTransformer                                         : loaded 2 times (x 66B)
Class org.gradle.internal.classloader.ClasspathUtil$1                                 : loaded 2 times (x 72B)
Class org.gradle.api.internal.classpath.DefaultModuleRegistry$DefaultModule           : loaded 2 times (x 82B)
Class org.gradle.api.internal.classpath.Module                                        : loaded 2 times (x 66B)
Class org.gradle.api.internal.classpath.UnknownModuleException                        : loaded 2 times (x 78B)
Class org.gradle.api.internal.DefaultClassPathRegistry                                : loaded 2 times (x 72B)
Class org.gradle.api.internal.ClassPathRegistry                                       : loaded 2 times (x 66B)
Class org.gradle.internal.classpath.DefaultClassPath$ImmutableUniqueList              : loaded 2 times (x 195B)
Class org.gradle.internal.classpath.ClassPath                                         : loaded 2 times (x 66B)
Class org.gradle.api.UncheckedIOException                                             : loaded 2 times (x 78B)
Class org.gradle.internal.installation.GradleInstallation$1                           : loaded 2 times (x 71B)
Class org.gradle.api.internal.classpath.ModuleRegistry                                : loaded 2 times (x 66B)
Class org.gradle.api.internal.classpath.DefaultModuleRegistry                         : loaded 2 times (x 82B)
Class org.gradle.internal.service.ServiceLookupException                              : loaded 2 times (x 78B)
Class org.gradle.internal.classloader.ClassLoaderFactory                              : loaded 2 times (x 66B)
Class org.gradle.internal.service.CachingServiceLocator                               : loaded 2 times (x 78B)
Class org.gradle.internal.classloader.ClasspathUtil                                   : loaded 2 times (x 67B)
Class org.gradle.api.specs.Spec                                                       : loaded 2 times (x 66B)
Class org.gradle.internal.classloader.VisitableURLClassLoader$InstrumentingVisitableURLClassLoader: loaded 2 times (x 119B)
Class org.gradle.internal.classloader.VisitableURLClassLoader$Spec                    : loaded 2 times (x 70B)
Class org.gradle.internal.classpath.DefaultClassPath                                  : loaded 2 times (x 86B)
Class org.gradle.internal.classloader.ClassLoaderSpec                                 : loaded 2 times (x 67B)
Class org.gradle.internal.classloader.VisitableURLClassLoader                         : loaded 2 times (x 113B)
Class org.gradle.internal.Cast                                                        : loaded 2 times (x 67B)
Class org.gradle.api.Action                                                           : loaded 2 times (x 66B)
Class org.gradle.internal.classpath.DefaultClassPath$ImmutableUniqueList$Builder      : loaded 2 times (x 71B)
Class org.gradle.api.GradleException                                                  : loaded 2 times (x 78B)
Class org.gradle.internal.IoActions                                                   : loaded 2 times (x 67B)
Class org.gradle.internal.classloader.SystemClassLoaderSpec                           : loaded 2 times (x 67B)
Class org.gradle.api.internal.classpath.GlobalCacheRootsProvider                      : loaded 2 times (x 66B)
Class org.gradle.internal.installation.CurrentGradleInstallationLocator               : loaded 2 times (x 67B)
Class org.gradle.internal.service.DefaultServiceLocator                               : loaded 2 times (x 79B)
Class org.gradle.internal.installation.CurrentGradleInstallation                      : loaded 2 times (x 69B)
Class org.gradle.util.internal.GUtil                                                  : loaded 2 times (x 67B)
Class org.gradle.internal.installation.GradleInstallation                             : loaded 2 times (x 71B)

---------------  S Y S T E M  ---------------

OS:
 Windows 11 , 64 bit Build 26100 (10.0.26100.4202)
OS uptime: 0 days 18:04 hours

CPU: total 12 (initial active 12) (12 cores per cpu, 2 threads per core) family 23 model 104 stepping 1 microcode 0x8608108, cx8, cmov, fxsr, ht, mmx, 3dnowpref, sse, sse2, sse3, ssse3, sse4a, sse4.1, sse4.2, popcnt, lzcnt, tsc, tscinvbit, avx, avx2, aes, clmul, bmi1, bmi2, adx, sha, fma, vzeroupper, clflush, clflushopt, rdtscp, rdpid, f16c
Processor Information for processor 0
  Max Mhz: 2100, Current Mhz: 2100, Mhz Limit: 2100
Processor Information for processor 1
  Max Mhz: 2100, Current Mhz: 2100, Mhz Limit: 2100
Processor Information for processor 2
  Max Mhz: 2100, Current Mhz: 2100, Mhz Limit: 2100
Processor Information for processor 3
  Max Mhz: 2100, Current Mhz: 2100, Mhz Limit: 2100
Processor Information for processor 4
  Max Mhz: 2100, Current Mhz: 2100, Mhz Limit: 2100
Processor Information for processor 5
  Max Mhz: 2100, Current Mhz: 2100, Mhz Limit: 2100
Processor Information for processor 6
  Max Mhz: 2100, Current Mhz: 2100, Mhz Limit: 2100
Processor Information for processor 7
  Max Mhz: 2100, Current Mhz: 1988, Mhz Limit: 2100
Processor Information for processor 8
  Max Mhz: 2100, Current Mhz: 2100, Mhz Limit: 2100
Processor Information for processor 9
  Max Mhz: 2100, Current Mhz: 2100, Mhz Limit: 2100
Processor Information for processor 10
  Max Mhz: 2100, Current Mhz: 2100, Mhz Limit: 2100
Processor Information for processor 11
  Max Mhz: 2100, Current Mhz: 2100, Mhz Limit: 2100

Memory: 4k page, system-wide physical 15693M (1019M free)
TotalPageFile size 34909M (AvailPageFile size 26M)
current process WorkingSet (physical memory assigned to process): 279M, peak: 279M
current process commit charge ("private bytes"): 318M, peak: 380M

vm_info: OpenJDK 64-Bit Server VM (21.0.6+-13368085-b895.109) for windows-amd64 JRE (21.0.6+-13368085-b895.109), built on 2025-04-16T17:01:31Z by "builder" with MS VC++ 16.10 / 16.11 (VS2019)

END.
